# JRE version: OpenJDK Runtime Environment Temurin-21.0.9+10 (21.0.9+10) (build 21.0.9+10-LTS)
# Java VM: OpenJDK 64-Bit Server VM Temurin-21.0.9+10 (21.0.9+10-LTS, mixed mode, sharing, tiered, compressed oops, compressed class ptrs, parallel gc, windows-amd64)
GC Precious Log:
 CardTable entry size: 512
 CPUs: 8 total, 8 available
 Memory: 16218M
 Large Page Support: Disabled
 NUMA Support: Disabled
 Compressed Oops: Enabled (32-bit)
 Alignments: Space 512K, Generation 512K, Heap 2M
 Heap Min Capacity: 100M
 Heap Initial Capacity: 100M
 Heap Max Capacity: 2G
 Pre-touch: Disabled
 Parallel Workers: 8
Heap:
 PSYoungGen      total 23552K, used 5241K [0x00000000d5580000, 0x00000000d6d80000, 0x0000000100000000)
  eden space 22016K, 22% used [0x00000000d5580000,0x00000000d5a5e508,0x00000000d6b00000)
  from space 1536K, 16% used [0x00000000d6b00000,0x00000000d6b40000,0x00000000d6c80000)
  to   space 1024K, 0% used [0x00000000d6c80000,0x00000000d6c80000,0x00000000d6d80000)
 ParOldGen       total 68608K, used 51359K [0x0000000080000000, 0x0000000084300000, 0x00000000d5580000)
  object space 68608K, 74% used [0x0000000080000000,0x0000000083227e40,0x0000000084300000)
 Metaspace       used 60635K, committed 62016K, reserved 1114112K
  class space    used 6977K, committed 7552K, reserved 1048576K
GC Heap History (20 events):
Event: 87.910 GC heap before
{Heap before GC invocations=29 (full 2):
 PSYoungGen      total 22528K, used 22208K [0x00000000d5580000, 0x00000000d7080000, 0x0000000100000000)
  eden space 22016K, 100% used [0x00000000d5580000,0x00000000d6b00000,0x00000000d6b00000)
  from space 512K, 37% used [0x00000000d7000000,0x00000000d7030000,0x00000000d7080000)
  to   space 1024K, 0% used [0x00000000d6e80000,0x00000000d6e80000,0x00000000d6f80000)
 ParOldGen       total 68608K, used 39515K [0x0000000080000000, 0x0000000084300000, 0x00000000d5580000)
  object space 68608K, 57% used [0x0000000080000000,0x0000000082696f88,0x0000000084300000)
 Metaspace       used 56755K, committed 58048K, reserved 1114112K
  class space    used 6618K, committed 7168K, reserved 1048576K
}
Event: 87.913 GC heap after
{Heap after GC invocations=29 (full 2):
 PSYoungGen      total 23040K, used 1000K [0x00000000d5580000, 0x00000000d7080000, 0x0000000100000000)
  eden space 22016K, 0% used [0x00000000d5580000,0x00000000d5580000,0x00000000d6b00000)
  from space 1024K, 97% used [0x00000000d6e80000,0x00000000d6f7a1b8,0x00000000d6f80000)
  to   space 1024K, 0% used [0x00000000d6f80000,0x00000000d6f80000,0x00000000d7080000)
 ParOldGen       total 68608K, used 39555K [0x0000000080000000, 0x0000000084300000, 0x00000000d5580000)
  object space 68608K, 57% used [0x0000000080000000,0x00000000826a0f88,0x0000000084300000)
 Metaspace       used 56755K, committed 58048K, reserved 1114112K
  class space    used 6618K, committed 7168K, reserved 1048576K
}
Event: 88.485 GC heap before
{Heap before GC invocations=30 (full 2):
 PSYoungGen      total 23040K, used 23016K [0x00000000d5580000, 0x00000000d7080000, 0x0000000100000000)
  eden space 22016K, 100% used [0x00000000d5580000,0x00000000d6b00000,0x00000000d6b00000)
  from space 1024K, 97% used [0x00000000d6e80000,0x00000000d6f7a1b8,0x00000000d6f80000)
  to   space 1024K, 0% used [0x00000000d6f80000,0x00000000d6f80000,0x00000000d7080000)
 ParOldGen       total 68608K, used 39555K [0x0000000080000000, 0x0000000084300000, 0x00000000d5580000)
  object space 68608K, 57% used [0x0000000080000000,0x00000000826a0f88,0x0000000084300000)
 Metaspace       used 56970K, committed 58304K, reserved 1114112K
  class space    used 6631K, committed 7168K, reserved 1048576K
}
Event: 88.490 GC heap after
{Heap after GC invocations=30 (full 2):
 PSYoungGen      total 23040K, used 992K [0x00000000d5580000, 0x00000000d7300000, 0x0000000100000000)
  eden space 22016K, 0% used [0x00000000d5580000,0x00000000d5580000,0x00000000d6b00000)
  from space 1024K, 96% used [0x00000000d6f80000,0x00000000d7078030,0x00000000d7080000)
  to   space 4096K, 0% used [0x00000000d6b00000,0x00000000d6b00000,0x00000000d6f00000)
 ParOldGen       total 68608K, used 41808K [0x0000000080000000, 0x0000000084300000, 0x00000000d5580000)
  object space 68608K, 60% used [0x0000000080000000,0x00000000828d41e8,0x0000000084300000)
 Metaspace       used 56970K, committed 58304K, reserved 1114112K
  class space    used 6631K, committed 7168K, reserved 1048576K
}
Event: 89.930 GC heap before
{Heap before GC invocations=31 (full 2):
 PSYoungGen      total 23040K, used 23008K [0x00000000d5580000, 0x00000000d7300000, 0x0000000100000000)
  eden space 22016K, 100% used [0x00000000d5580000,0x00000000d6b00000,0x00000000d6b00000)
  from space 1024K, 96% used [0x00000000d6f80000,0x00000000d7078030,0x00000000d7080000)
  to   space 4096K, 0% used [0x00000000d6b00000,0x00000000d6b00000,0x00000000d6f00000)
 ParOldGen       total 68608K, used 41808K [0x0000000080000000, 0x0000000084300000, 0x00000000d5580000)
  object space 68608K, 60% used [0x0000000080000000,0x00000000828d41e8,0x0000000084300000)
 Metaspace       used 57375K, committed 58688K, reserved 1114112K
  class space    used 6690K, committed 7232K, reserved 1048576K
}
Event: 89.935 GC heap after
{Heap after GC invocations=31 (full 2):
 PSYoungGen      total 25088K, used 2673K [0x00000000d5580000, 0x00000000d7100000, 0x0000000100000000)
  eden space 22016K, 0% used [0x00000000d5580000,0x00000000d5580000,0x00000000d6b00000)
  from space 3072K, 87% used [0x00000000d6b00000,0x00000000d6d9c420,0x00000000d6e00000)
  to   space 3072K, 0% used [0x00000000d6e00000,0x00000000d6e00000,0x00000000d7100000)
 ParOldGen       total 68608K, used 42736K [0x0000000080000000, 0x0000000084300000, 0x00000000d5580000)
  object space 68608K, 62% used [0x0000000080000000,0x00000000829bc218,0x0000000084300000)
 Metaspace       used 57375K, committed 58688K, reserved 1114112K
  class space    used 6690K, committed 7232K, reserved 1048576K
}
Event: 90.336 GC heap before
{Heap before GC invocations=32 (full 2):
 PSYoungGen      total 25088K, used 24689K [0x00000000d5580000, 0x00000000d7100000, 0x0000000100000000)
  eden space 22016K, 100% used [0x00000000d5580000,0x00000000d6b00000,0x00000000d6b00000)
  from space 3072K, 87% used [0x00000000d6b00000,0x00000000d6d9c420,0x00000000d6e00000)
  to   space 3072K, 0% used [0x00000000d6e00000,0x00000000d6e00000,0x00000000d7100000)
 ParOldGen       total 68608K, used 42736K [0x0000000080000000, 0x0000000084300000, 0x00000000d5580000)
  object space 68608K, 62% used [0x0000000080000000,0x00000000829bc218,0x0000000084300000)
 Metaspace       used 57391K, committed 58752K, reserved 1114112K
  class space    used 6690K, committed 7232K, reserved 1048576K
}
Event: 90.344 GC heap after
{Heap after GC invocations=32 (full 2):
 PSYoungGen      total 25088K, used 2596K [0x00000000d5580000, 0x00000000d7100000, 0x0000000100000000)
  eden space 22016K, 0% used [0x00000000d5580000,0x00000000d5580000,0x00000000d6b00000)
  from space 3072K, 84% used [0x00000000d6e00000,0x00000000d7089000,0x00000000d7100000)
  to   space 3072K, 0% used [0x00000000d6b00000,0x00000000d6b00000,0x00000000d6e00000)
 ParOldGen       total 68608K, used 45187K [0x0000000080000000, 0x0000000084300000, 0x00000000d5580000)
  object space 68608K, 65% used [0x0000000080000000,0x0000000082c20f20,0x0000000084300000)
 Metaspace       used 57391K, committed 58752K, reserved 1114112K
  class space    used 6690K, committed 7232K, reserved 1048576K
}
Event: 90.838 GC heap before
{Heap before GC invocations=33 (full 2):
 PSYoungGen      total 25088K, used 24612K [0x00000000d5580000, 0x00000000d7100000, 0x0000000100000000)
  eden space 22016K, 100% used [0x00000000d5580000,0x00000000d6b00000,0x00000000d6b00000)
  from space 3072K, 84% used [0x00000000d6e00000,0x00000000d7089000,0x00000000d7100000)
  to   space 3072K, 0% used [0x00000000d6b00000,0x00000000d6b00000,0x00000000d6e00000)
 ParOldGen       total 68608K, used 45187K [0x0000000080000000, 0x0000000084300000, 0x00000000d5580000)
  object space 68608K, 65% used [0x0000000080000000,0x0000000082c20f20,0x0000000084300000)
 Metaspace       used 57408K, committed 58752K, reserved 1114112K
  class space    used 6690K, committed 7232K, reserved 1048576K
}
Event: 90.845 GC heap after
{Heap after GC invocations=33 (full 2):
 PSYoungGen      total 24576K, used 2304K [0x00000000d5580000, 0x00000000d7000000, 0x0000000100000000)
  eden space 22016K, 0% used [0x00000000d5580000,0x00000000d5580000,0x00000000d6b00000)
  from space 2560K, 90% used [0x00000000d6b00000,0x00000000d6d40000,0x00000000d6d80000)
  to   space 2560K, 0% used [0x00000000d6d80000,0x00000000d6d80000,0x00000000d7000000)
 ParOldGen       total 68608K, used 47700K [0x0000000080000000, 0x0000000084300000, 0x00000000d5580000)
  object space 68608K, 69% used [0x0000000080000000,0x0000000082e95020,0x0000000084300000)
 Metaspace       used 57408K, committed 58752K, reserved 1114112K
  class space    used 6690K, committed 7232K, reserved 1048576K
}
Event: 91.256 GC heap before
{Heap before GC invocations=34 (full 2):
 PSYoungGen      total 24576K, used 24320K [0x00000000d5580000, 0x00000000d7000000, 0x0000000100000000)
  eden space 22016K, 100% used [0x00000000d5580000,0x00000000d6b00000,0x00000000d6b00000)
  from space 2560K, 90% used [0x00000000d6b00000,0x00000000d6d40000,0x00000000d6d80000)
  to   space 2560K, 0% used [0x00000000d6d80000,0x00000000d6d80000,0x00000000d7000000)
 ParOldGen       total 68608K, used 47700K [0x0000000080000000, 0x0000000084300000, 0x00000000d5580000)
  object space 68608K, 69% used [0x0000000080000000,0x0000000082e95020,0x0000000084300000)
 Metaspace       used 57443K, committed 58752K, reserved 1114112K
  class space    used 6690K, committed 7232K, reserved 1048576K
}
Event: 91.262 GC heap after
{Heap after GC invocations=34 (full 2):
 PSYoungGen      total 24576K, used 2424K [0x00000000d5580000, 0x00000000d7000000, 0x0000000100000000)
  eden space 22016K, 0% used [0x00000000d5580000,0x00000000d5580000,0x00000000d6b00000)
  from space 2560K, 94% used [0x00000000d6d80000,0x00000000d6fde210,0x00000000d7000000)
  to   space 2560K, 0% used [0x00000000d6b00000,0x00000000d6b00000,0x00000000d6d80000)
 ParOldGen       total 68608K, used 49884K [0x0000000080000000, 0x0000000084300000, 0x00000000d5580000)
  object space 68608K, 72% used [0x0000000080000000,0x00000000830b7020,0x0000000084300000)
 Metaspace       used 57443K, committed 58752K, reserved 1114112K
  class space    used 6690K, committed 7232K, reserved 1048576K
}
Event: 104.138 GC heap before
{Heap before GC invocations=35 (full 2):
 PSYoungGen      total 24576K, used 18173K [0x00000000d5580000, 0x00000000d7000000, 0x0000000100000000)
  eden space 22016K, 71% used [0x00000000d5580000,0x00000000d64e1268,0x00000000d6b00000)
  from space 2560K, 94% used [0x00000000d6d80000,0x00000000d6fde210,0x00000000d7000000)
  to   space 2560K, 0% used [0x00000000d6b00000,0x00000000d6b00000,0x00000000d6d80000)
 ParOldGen       total 68608K, used 49884K [0x0000000080000000, 0x0000000084300000, 0x00000000d5580000)
  object space 68608K, 72% used [0x0000000080000000,0x00000000830b7020,0x0000000084300000)
 Metaspace       used 58458K, committed 59776K, reserved 1114112K
  class space    used 6793K, committed 7360K, reserved 1048576K
}
Event: 104.144 GC heap after
{Heap after GC invocations=35 (full 2):
 PSYoungGen      total 23552K, used 1069K [0x00000000d5580000, 0x00000000d6f00000, 0x0000000100000000)
  eden space 22016K, 0% used [0x00000000d5580000,0x00000000d5580000,0x00000000d6b00000)
  from space 1536K, 69% used [0x00000000d6b00000,0x00000000d6c0b480,0x00000000d6c80000)
  to   space 2048K, 0% used [0x00000000d6d00000,0x00000000d6d00000,0x00000000d6f00000)
 ParOldGen       total 68608K, used 52236K [0x0000000080000000, 0x0000000084300000, 0x00000000d5580000)
  object space 68608K, 76% used [0x0000000080000000,0x0000000083303230,0x0000000084300000)
 Metaspace       used 58458K, committed 59776K, reserved 1114112K
  class space    used 6793K, committed 7360K, reserved 1048576K
}
Event: 104.144 GC heap before
{Heap before GC invocations=36 (full 3):
 PSYoungGen      total 23552K, used 1069K [0x00000000d5580000, 0x00000000d6f00000, 0x0000000100000000)
  eden space 22016K, 0% used [0x00000000d5580000,0x00000000d5580000,0x00000000d6b00000)
  from space 1536K, 69% used [0x00000000d6b00000,0x00000000d6c0b480,0x00000000d6c80000)
  to   space 2048K, 0% used [0x00000000d6d00000,0x00000000d6d00000,0x00000000d6f00000)
 ParOldGen       total 68608K, used 52236K [0x0000000080000000, 0x0000000084300000, 0x00000000d5580000)
  object space 68608K, 76% used [0x0000000080000000,0x0000000083303230,0x0000000084300000)
 Metaspace       used 58458K, committed 59776K, reserved 1114112K
  class space    used 6793K, committed 7360K, reserved 1048576K
}
Event: 104.301 GC heap after
{Heap after GC invocations=36 (full 3):
 PSYoungGen      total 23552K, used 0K [0x00000000d5580000, 0x00000000d6f00000, 0x0000000100000000)
  eden space 22016K, 0% used [0x00000000d5580000,0x00000000d5580000,0x00000000d6b00000)
  from space 1536K, 0% used [0x00000000d6b00000,0x00000000d6b00000,0x00000000d6c80000)
  to   space 2048K, 0% used [0x00000000d6d00000,0x00000000d6d00000,0x00000000d6f00000)
 ParOldGen       total 68608K, used 50590K [0x0000000080000000, 0x0000000084300000, 0x00000000d5580000)
  object space 68608K, 73% used [0x0000000080000000,0x0000000083167940,0x0000000084300000)
 Metaspace       used 58458K, committed 59776K, reserved 1114112K
  class space    used 6793K, committed 7360K, reserved 1048576K
}
Event: 1619.265 GC heap before
{Heap before GC invocations=37 (full 3):
 PSYoungGen      total 23552K, used 22016K [0x00000000d5580000, 0x00000000d6f00000, 0x0000000100000000)
  eden space 22016K, 100% used [0x00000000d5580000,0x00000000d6b00000,0x00000000d6b00000)
  from space 1536K, 0% used [0x00000000d6b00000,0x00000000d6b00000,0x00000000d6c80000)
  to   space 2048K, 0% used [0x00000000d6d00000,0x00000000d6d00000,0x00000000d6f00000)
 ParOldGen       total 68608K, used 50590K [0x0000000080000000, 0x0000000084300000, 0x00000000d5580000)
  object space 68608K, 73% used [0x0000000080000000,0x0000000083167940,0x0000000084300000)
 Metaspace       used 60099K, committed 61440K, reserved 1114112K
  class space    used 6963K, committed 7488K, reserved 1048576K
}
Event: 1620.110 GC heap after
{Heap after GC invocations=37 (full 3):
 PSYoungGen      total 23040K, used 896K [0x00000000d5580000, 0x00000000d6e00000, 0x0000000100000000)
  eden space 22016K, 0% used [0x00000000d5580000,0x00000000d5580000,0x00000000d6b00000)
  from space 1024K, 87% used [0x00000000d6d00000,0x00000000d6de0080,0x00000000d6e00000)
  to   space 1536K, 0% used [0x00000000d6b00000,0x00000000d6b00000,0x00000000d6c80000)
 ParOldGen       total 68608K, used 50598K [0x0000000080000000, 0x0000000084300000, 0x00000000d5580000)
  object space 68608K, 73% used [0x0000000080000000,0x0000000083169940,0x0000000084300000)
 Metaspace       used 60099K, committed 61440K, reserved 1114112K
  class space    used 6963K, committed 7488K, reserved 1048576K
}
Event: 5168.526 GC heap before
{Heap before GC invocations=38 (full 3):
 PSYoungGen      total 23040K, used 22912K [0x00000000d5580000, 0x00000000d6e00000, 0x0000000100000000)
  eden space 22016K, 100% used [0x00000000d5580000,0x00000000d6b00000,0x00000000d6b00000)
  from space 1024K, 87% used [0x00000000d6d00000,0x00000000d6de0080,0x00000000d6e00000)
  to   space 1536K, 0% used [0x00000000d6b00000,0x00000000d6b00000,0x00000000d6c80000)
 ParOldGen       total 68608K, used 50598K [0x0000000080000000, 0x0000000084300000, 0x00000000d5580000)
  object space 68608K, 73% used [0x0000000080000000,0x0000000083169940,0x0000000084300000)
 Metaspace       used 60568K, committed 61952K, reserved 1114112K
  class space    used 6977K, committed 7552K, reserved 1048576K
}
Event: 5169.436 GC heap after
{Heap after GC invocations=38 (full 3):
 PSYoungGen      total 23552K, used 256K [0x00000000d5580000, 0x00000000d6d80000, 0x0000000100000000)
  eden space 22016K, 0% used [0x00000000d5580000,0x00000000d5580000,0x00000000d6b00000)
  from space 1536K, 16% used [0x00000000d6b00000,0x00000000d6b40000,0x00000000d6c80000)
  to   space 1024K, 0% used [0x00000000d6c80000,0x00000000d6c80000,0x00000000d6d80000)
 ParOldGen       total 68608K, used 51359K [0x0000000080000000, 0x0000000084300000, 0x00000000d5580000)
  object space 68608K, 74% used [0x0000000080000000,0x0000000083227e40,0x0000000084300000)
 Metaspace       used 60568K, committed 61952K, reserved 1114112K
  class space    used 6977K, committed 7552K, reserved 1048576K
}

